<?xml version="1.0" encoding="UTF-8"?>
<!-- Generated by org.testng.reporters.JUnitXMLReporter -->
<testsuite hostname="Rahul" ignored="0" name="Default test" tests="5" failures="0" timestamp="25 Feb 2020 14:03:41 GMT" time="24.562" errors="0">
  <testcase name="login" time="6.78" classname="com.app.DataProviderExcel"/>
  <testcase name="login" time="4.381" classname="com.app.DataProviderExcel"/>
  <testcase name="login" time="3.864" classname="com.app.DataProviderExcel"/>
  <testcase name="login" time="3.615" classname="com.app.DataProviderExcel"/>
  <testcase name="login" time="3.885" classname="com.app.DataProviderExcel"/>
</testsuite> <!-- Default test -->
